2024-04-23T17:03:12.044057-04:00	START
2024-04-23T17:03:21.811161-04:00	
{
    "status": true,
    "obj": {
        "run": {
            "status": true,
            "stdout": {
                "id": 67,
                "creation_date": "2024-04-23T17:03:21.704084-04:00",
                "name": "pl-dicom_unpack",
                "version": "1.2.4",
                "dock_image": "fnndsc/pl-dicom_unpack:1.2.4",
                "public_repo": "https://github.com/FNNDSC/pl-dicom_unpack",
                "icon": "",
                "type": "ds",
                "stars": 0,
                "authors": "FNNDSC <dev@babyMRI.org>",
                "title": "A ChRIS plugin to unpack multi-frame dicom file to individual slices",
                "category": "",
                "description": "A ChRIS plugin to do something awesome",
                "documentation": "https://github.com/FNNDSC/pl-dicom_unpack",
                "license": "MIT",
                "execshell": "/usr/local/bin/python",
                "selfpath": "/usr/local/bin",
                "selfexec": "dicom_unpack",
                "min_number_of_workers": 1,
                "max_number_of_workers": 1,
                "min_cpu_limit": 2000,
                "max_cpu_limit": 2147483647,
                "min_memory_limit": 8192,
                "max_memory_limit": 2147483647,
                "min_gpu_limit": 0,
                "max_gpu_limit": 0
            },
            "stderr": "",
            "returncode": 0
        }
    }
}
2024-04-23T17:03:21.811341-04:00	END
2024-04-23T18:18:13.678188-04:00	START
2024-04-23T18:18:17.881873-04:00	
{
    "status": true,
    "obj": {
        "run": {
            "status": true,
            "stdout": {
                "id": 68,
                "creation_date": "2024-04-23T18:18:17.746167-04:00",
                "name": "pl-dicom_unpack",
                "version": "1.2.6",
                "dock_image": "fnndsc/pl-dicom_unpack:1.2.6",
                "public_repo": "https://github.com/FNNDSC/pl-dicom_unpack",
                "icon": "",
                "type": "ds",
                "stars": 0,
                "authors": "FNNDSC <dev@babyMRI.org>",
                "title": "A ChRIS plugin to unpack multi-frame dicom file to individual slices",
                "category": "",
                "description": "A ChRIS plugin to do something awesome",
                "documentation": "https://github.com/FNNDSC/pl-dicom_unpack",
                "license": "MIT",
                "execshell": "/usr/local/bin/python",
                "selfpath": "/usr/local/bin",
                "selfexec": "dicom_unpack",
                "min_number_of_workers": 1,
                "max_number_of_workers": 1,
                "min_cpu_limit": 2000,
                "max_cpu_limit": 2147483647,
                "min_memory_limit": 8192,
                "max_memory_limit": 2147483647,
                "min_gpu_limit": 0,
                "max_gpu_limit": 0
            },
            "stderr": "",
            "returncode": 0
        }
    }
}
2024-04-23T18:18:17.881956-04:00	END
2024-04-23T19:07:02.021587-04:00	START
2024-04-23T19:07:06.682265-04:00	
{
    "status": true,
    "obj": {
        "run": {
            "status": true,
            "stdout": {
                "id": 69,
                "creation_date": "2024-04-23T19:07:06.571016-04:00",
                "name": "pl-dicom_unpack",
                "version": "1.2.8",
                "dock_image": "fnndsc/pl-dicom_unpack:1.2.8",
                "public_repo": "https://github.com/FNNDSC/pl-dicom_unpack",
                "icon": "",
                "type": "ds",
                "stars": 0,
                "authors": "FNNDSC <dev@babyMRI.org>",
                "title": "A ChRIS plugin to unpack multi-frame dicom file to individual slices",
                "category": "",
                "description": "A ChRIS plugin to do something awesome",
                "documentation": "https://github.com/FNNDSC/pl-dicom_unpack",
                "license": "MIT",
                "execshell": "/usr/local/bin/python",
                "selfpath": "/usr/local/bin",
                "selfexec": "dicom_unpack",
                "min_number_of_workers": 1,
                "max_number_of_workers": 1,
                "min_cpu_limit": 2000,
                "max_cpu_limit": 2147483647,
                "min_memory_limit": 8192,
                "max_memory_limit": 2147483647,
                "min_gpu_limit": 0,
                "max_gpu_limit": 0
            },
            "stderr": "",
            "returncode": 0
        }
    }
}
2024-04-23T19:07:06.682341-04:00	END
2024-04-23T19:07:43.792743-04:00	START
2024-04-23T19:07:50.951729-04:00	
{
    "status": true,
    "obj": {
        "run": {
            "status": true,
            "stdout": {
                "id": 70,
                "creation_date": "2024-04-23T19:07:50.627364-04:00",
                "name": "pl-dicom_headeredit",
                "version": "1.1.6",
                "dock_image": "fnndsc/pl-dicom_headeredit:1.1.6",
                "public_repo": "https://github.com/FNNDSC/pl-dicom_headeredit",
                "icon": "",
                "type": "ds",
                "stars": 0,
                "authors": "FNNDSC <dev@babyMRI.org>",
                "title": "Edit DICOM header fields",
                "category": "",
                "description": "\"dicom_headerEdit\" is a ChRIS DS plugin that allows for batch editing of DICOM header fields.",
                "documentation": "https://github.com/FNNDSC/pl-dicom_headerEdit",
                "license": "MIT",
                "execshell": "/usr/local/bin/python",
                "selfpath": "/usr/local/bin",
                "selfexec": "dicom_headerEdit",
                "min_number_of_workers": 1,
                "max_number_of_workers": 1,
                "min_cpu_limit": 2000,
                "max_cpu_limit": 2147483647,
                "min_memory_limit": 16384,
                "max_memory_limit": 2147483647,
                "min_gpu_limit": 0,
                "max_gpu_limit": 0
            },
            "stderr": "",
            "returncode": 0
        }
    }
}
2024-04-23T19:07:50.951924-04:00	END
